2026-05-17 22:34:57 - EXIT routes.upload_routes.upload_dataset duration=324.37ms
2026-05-17 22:34:57 - ENTER routes.statistics_routes.profile_dataset
2026-05-17 22:34:57 - EXIT routes.statistics_routes.profile_dataset duration=193.42ms
2026-05-17 22:34:58 - ENTER routes.ai_routes.ai_recommendations
2026-05-17 22:34:58 - ENTER services.ai_cache_engine.get_ai_cache_section
2026-05-17 22:34:58 - ENTER services.ai_cache_engine.load_ai_cache
2026-05-17 22:34:58 - ENTER services.ai_cache_engine.load_ai_cache
2026-05-17 22:34:58 - EXIT services.ai_cache_engine.load_ai_cache duration=20.46ms
2026-05-17 22:34:58 - EXIT services.ai_cache_engine.load_ai_cache duration=43.21ms
2026-05-17 22:34:58 - EXIT services.ai_cache_engine.get_ai_cache_section duration=51.81ms
2026-05-17 22:34:58 - ENTER services.recommendation_engine.build_dataset_recommendations
2026-05-17 22:34:58 - ENTER services.recommendation_engine.analyze_column
2026-05-17 22:34:58 - ENTER services.recommendation_engine.is_numeric
2026-05-17 22:34:58 - EXIT services.recommendation_engine.is_numeric duration=0.00ms
2026-05-17 22:34:58 - EXIT services.recommendation_engine.analyze_column duration=40.84ms
2026-05-17 22:34:58 - ENTER services.recommendation_engine.generate_recommendation
2026-05-17 22:34:58 - EXIT services.recommendation_engine.generate_recommendation duration=0.00ms
2026-05-17 22:34:58 - ENTER services.recommendation_engine.analyze_column
2026-05-17 22:34:58 - ENTER services.recommendation_engine.is_numeric
2026-05-17 22:34:58 - EXIT services.recommendation_engine.is_numeric duration=0.00ms
2026-05-17 22:34:58 - EXIT services.recommendation_engine.analyze_column duration=20.56ms
2026-05-17 22:34:58 - ENTER services.recommendation_engine.generate_recommendation
2026-05-17 22:34:58 - EXIT services.recommendation_engine.generate_recommendation duration=0.00ms
2026-05-17 22:34:58 - ENTER services.recommendation_engine.analyze_column
2026-05-17 22:34:58 - ENTER services.recommendation_engine.is_numeric
2026-05-17 22:34:58 - EXIT services.recommendation_engine.is_numeric duration=0.00ms
2026-05-17 22:34:58 - ENTER services.recommendation_engine.calculate_outlier_percent
2026-05-17 22:34:58 - EXIT services.recommendation_engine.calculate_outlier_percent duration=8.39ms
2026-05-17 22:34:58 - ENTER services.recommendation_engine.detect_distribution
2026-05-17 22:34:58 - EXIT services.recommendation_engine.detect_distribution duration=0.00ms
2026-05-17 22:34:58 - EXIT services.recommendation_engine.analyze_column duration=79.08ms
2026-05-17 22:34:58 - ENTER services.recommendation_engine.generate_recommendation
2026-05-17 22:34:58 - EXIT services.recommendation_engine.generate_recommendation duration=0.00ms
2026-05-17 22:34:58 - ENTER services.recommendation_engine.analyze_column
2026-05-17 22:34:58 - ENTER services.recommendation_engine.is_numeric
2026-05-17 22:34:58 - EXIT services.recommendation_engine.is_numeric duration=0.00ms
2026-05-17 22:34:58 - ENTER services.recommendation_engine.calculate_outlier_percent
2026-05-17 22:34:58 - EXIT services.recommendation_engine.calculate_outlier_percent duration=8.23ms
2026-05-17 22:34:58 - ENTER services.recommendation_engine.detect_distribution
2026-05-17 22:34:58 - EXIT services.recommendation_engine.detect_distribution duration=0.00ms
2026-05-17 22:34:58 - EXIT services.recommendation_engine.analyze_column duration=89.71ms
2026-05-17 22:34:58 - ENTER services.recommendation_engine.generate_recommendation
2026-05-17 22:34:58 - EXIT services.recommendation_engine.generate_recommendation duration=0.00ms
2026-05-17 22:34:58 - ENTER services.recommendation_engine.analyze_column
2026-05-17 22:34:58 - ENTER services.recommendation_engine.is_numeric
2026-05-17 22:34:58 - EXIT services.recommendation_engine.is_numeric duration=0.00ms
2026-05-17 22:34:58 - ENTER services.recommendation_engine.calculate_outlier_percent
2026-05-17 22:34:58 - EXIT services.recommendation_engine.calculate_outlier_percent duration=8.21ms
2026-05-17 22:34:58 - ENTER services.recommendation_engine.detect_distribution
2026-05-17 22:34:58 - EXIT services.recommendation_engine.detect_distribution duration=0.00ms
2026-05-17 22:34:58 - EXIT services.recommendation_engine.analyze_column duration=49.69ms
2026-05-17 22:34:58 - ENTER services.recommendation_engine.generate_recommendation
2026-05-17 22:34:58 - EXIT services.recommendation_engine.generate_recommendation duration=0.00ms
2026-05-17 22:34:58 - ENTER services.recommendation_engine.analyze_column
2026-05-17 22:34:58 - ENTER services.recommendation_engine.is_numeric
2026-05-17 22:34:58 - EXIT services.recommendation_engine.is_numeric duration=0.00ms
2026-05-17 22:34:58 - EXIT services.recommendation_engine.analyze_column duration=16.53ms
2026-05-17 22:34:58 - ENTER services.recommendation_engine.generate_recommendation
2026-05-17 22:34:58 - EXIT services.recommendation_engine.generate_recommendation duration=0.00ms
2026-05-17 22:34:58 - ENTER services.recommendation_engine.analyze_column
2026-05-17 22:34:58 - ENTER services.recommendation_engine.is_numeric
2026-05-17 22:34:58 - EXIT services.recommendation_engine.is_numeric duration=0.00ms
2026-05-17 22:34:58 - EXIT services.recommendation_engine.analyze_column duration=16.59ms
2026-05-17 22:34:58 - ENTER services.recommendation_engine.generate_recommendation
2026-05-17 22:34:58 - EXIT services.recommendation_engine.generate_recommendation duration=0.00ms
2026-05-17 22:34:58 - ENTER services.recommendation_engine.analyze_column
2026-05-17 22:34:58 - ENTER services.recommendation_engine.is_numeric
2026-05-17 22:34:58 - EXIT services.recommendation_engine.is_numeric duration=0.00ms
2026-05-17 22:34:58 - EXIT services.recommendation_engine.analyze_column duration=14.23ms
2026-05-17 22:34:58 - ENTER services.recommendation_engine.generate_recommendation
2026-05-17 22:34:58 - EXIT services.recommendation_engine.generate_recommendation duration=0.00ms
2026-05-17 22:34:58 - ENTER services.recommendation_engine.analyze_column
2026-05-17 22:34:58 - ENTER services.recommendation_engine.is_numeric
2026-05-17 22:34:58 - EXIT services.recommendation_engine.is_numeric duration=0.00ms
2026-05-17 22:34:58 - EXIT services.recommendation_engine.analyze_column duration=13.25ms
2026-05-17 22:34:58 - ENTER services.recommendation_engine.generate_recommendation
2026-05-17 22:34:58 - EXIT services.recommendation_engine.generate_recommendation duration=0.00ms
2026-05-17 22:34:58 - ENTER services.recommendation_engine.analyze_column
2026-05-17 22:34:58 - ENTER services.recommendation_engine.is_numeric
2026-05-17 22:34:58 - EXIT services.recommendation_engine.is_numeric duration=0.00ms
2026-05-17 22:34:58 - EXIT services.recommendation_engine.analyze_column duration=8.19ms
2026-05-17 22:34:58 - ENTER services.recommendation_engine.generate_recommendation
2026-05-17 22:34:58 - EXIT services.recommendation_engine.generate_recommendation duration=0.00ms
2026-05-17 22:34:58 - ENTER services.recommendation_engine.analyze_column
2026-05-17 22:34:58 - ENTER services.recommendation_engine.is_numeric
2026-05-17 22:34:58 - EXIT services.recommendation_engine.is_numeric duration=0.00ms
2026-05-17 22:34:58 - ENTER services.recommendation_engine.calculate_outlier_percent
2026-05-17 22:34:58 - EXIT services.recommendation_engine.calculate_outlier_percent duration=13.77ms
2026-05-17 22:34:58 - ENTER services.recommendation_engine.detect_distribution
2026-05-17 22:34:58 - EXIT services.recommendation_engine.detect_distribution duration=0.00ms
2026-05-17 22:34:58 - EXIT services.recommendation_engine.analyze_column duration=77.20ms
2026-05-17 22:34:58 - ENTER services.recommendation_engine.generate_recommendation
2026-05-17 22:34:58 - EXIT services.recommendation_engine.generate_recommendation duration=0.00ms
2026-05-17 22:34:58 - ENTER services.recommendation_engine.analyze_column
2026-05-17 22:34:58 - ENTER services.recommendation_engine.is_numeric
2026-05-17 22:34:58 - EXIT services.recommendation_engine.is_numeric duration=0.00ms
2026-05-17 22:34:59 - ENTER services.recommendation_engine.calculate_outlier_percent
2026-05-17 22:34:59 - EXIT services.recommendation_engine.calculate_outlier_percent duration=16.69ms
2026-05-17 22:34:59 - ENTER services.recommendation_engine.detect_distribution
2026-05-17 22:34:59 - EXIT services.recommendation_engine.detect_distribution duration=0.00ms
2026-05-17 22:34:59 - EXIT services.recommendation_engine.analyze_column duration=132.86ms
2026-05-17 22:34:59 - ENTER services.recommendation_engine.generate_recommendation
2026-05-17 22:34:59 - EXIT services.recommendation_engine.generate_recommendation duration=0.00ms
2026-05-17 22:34:59 - ENTER services.recommendation_engine.analyze_column
2026-05-17 22:34:59 - ENTER services.recommendation_engine.is_numeric
2026-05-17 22:34:59 - EXIT services.recommendation_engine.is_numeric duration=0.00ms
2026-05-17 22:34:59 - ENTER services.recommendation_engine.calculate_outlier_percent
2026-05-17 22:34:59 - EXIT services.recommendation_engine.calculate_outlier_percent duration=24.90ms
2026-05-17 22:34:59 - ENTER services.recommendation_engine.detect_distribution
2026-05-17 22:34:59 - EXIT services.recommendation_engine.detect_distribution duration=0.00ms
2026-05-17 22:34:59 - EXIT services.recommendation_engine.analyze_column duration=90.76ms
2026-05-17 22:34:59 - ENTER services.recommendation_engine.generate_recommendation
2026-05-17 22:34:59 - EXIT services.recommendation_engine.generate_recommendation duration=0.00ms
2026-05-17 22:34:59 - EXIT services.recommendation_engine.build_dataset_recommendations duration=1004.56ms
2026-05-17 22:34:59 - ENTER services.ai_cache_engine.update_ai_cache_section
2026-05-17 22:34:59 - ENTER services.ai_cache_engine.load_ai_cache
2026-05-17 22:34:59 - ENTER services.ai_cache_engine.load_ai_cache
2026-05-17 22:34:59 - EXIT services.ai_cache_engine.load_ai_cache duration=108.19ms
2026-05-17 22:34:59 - EXIT services.ai_cache_engine.load_ai_cache duration=183.29ms
2026-05-17 22:34:59 - ENTER services.ai_cache_engine.save_ai_cache
2026-05-17 22:34:59 - EXIT services.ai_cache_engine.save_ai_cache duration=49.57ms
2026-05-17 22:34:59 - EXIT services.ai_cache_engine.update_ai_cache_section duration=358.82ms
2026-05-17 22:34:59 - ENTER services.ai_cache_engine.update_ai_cache_section
2026-05-17 22:34:59 - ENTER services.ai_cache_engine.load_ai_cache
2026-05-17 22:34:59 - ENTER services.ai_cache_engine.load_ai_cache
2026-05-17 22:34:59 - EXIT services.ai_cache_engine.load_ai_cache duration=32.79ms
2026-05-17 22:34:59 - EXIT services.ai_cache_engine.load_ai_cache duration=57.86ms
2026-05-17 22:34:59 - ENTER services.ai_cache_engine.save_ai_cache
2026-05-17 22:34:59 - EXIT services.ai_cache_engine.save_ai_cache duration=33.40ms
2026-05-17 22:34:59 - EXIT services.ai_cache_engine.update_ai_cache_section duration=133.02ms
2026-05-17 22:34:59 - ENTER services.ai_cache_engine.update_ai_cache_section
2026-05-17 22:34:59 - ENTER services.ai_cache_engine.load_ai_cache
2026-05-17 22:34:59 - ENTER services.ai_cache_engine.load_ai_cache
2026-05-17 22:34:59 - EXIT services.ai_cache_engine.load_ai_cache duration=28.45ms
2026-05-17 22:34:59 - EXIT services.ai_cache_engine.load_ai_cache duration=36.60ms
2026-05-17 22:34:59 - ENTER services.ai_cache_engine.save_ai_cache
2026-05-17 22:34:59 - EXIT services.ai_cache_engine.save_ai_cache duration=25.00ms
2026-05-17 22:34:59 - EXIT services.ai_cache_engine.update_ai_cache_section duration=75.03ms
2026-05-17 22:34:59 - ENTER services.ai_cache_engine.update_ai_cache_section
2026-05-17 22:34:59 - ENTER services.ai_cache_engine.load_ai_cache
2026-05-17 22:34:59 - ENTER services.ai_cache_engine.load_ai_cache
2026-05-17 22:35:00 - EXIT services.ai_cache_engine.load_ai_cache duration=32.85ms
2026-05-17 22:35:00 - EXIT services.ai_cache_engine.load_ai_cache duration=41.36ms
2026-05-17 22:35:00 - ENTER services.ai_cache_engine.save_ai_cache
2026-05-17 22:35:00 - EXIT services.ai_cache_engine.save_ai_cache duration=41.43ms
2026-05-17 22:35:00 - EXIT services.ai_cache_engine.update_ai_cache_section duration=124.46ms
2026-05-17 22:35:00 - ENTER services.ai_cache_engine.update_ai_cache_section
2026-05-17 22:35:00 - ENTER services.ai_cache_engine.load_ai_cache
2026-05-17 22:35:00 - ENTER services.ai_cache_engine.load_ai_cache
2026-05-17 22:35:00 - EXIT services.ai_cache_engine.load_ai_cache duration=25.29ms
2026-05-17 22:35:00 - EXIT services.ai_cache_engine.load_ai_cache duration=41.82ms
2026-05-17 22:35:00 - ENTER services.ai_cache_engine.save_ai_cache
2026-05-17 22:35:00 - EXIT services.ai_cache_engine.save_ai_cache duration=33.70ms
2026-05-17 22:35:00 - EXIT services.ai_cache_engine.update_ai_cache_section duration=100.67ms
2026-05-17 22:35:00 - ENTER services.ai_cache_engine.append_ai_cache_entry
2026-05-17 22:35:00 - ENTER services.ai_cache_engine.load_ai_cache
2026-05-17 22:35:00 - ENTER services.ai_cache_engine.load_ai_cache
2026-05-17 22:35:00 - EXIT services.ai_cache_engine.load_ai_cache duration=24.94ms
2026-05-17 22:35:00 - EXIT services.ai_cache_engine.load_ai_cache duration=33.49ms
2026-05-17 22:35:00 - ENTER services.ai_cache_engine.save_ai_cache
2026-05-17 22:35:00 - EXIT services.ai_cache_engine.save_ai_cache duration=50.03ms
2026-05-17 22:35:00 - EXIT services.ai_cache_engine.append_ai_cache_entry duration=116.49ms
2026-05-17 22:35:00 - EXIT routes.ai_routes.ai_recommendations duration=2271.04ms
2026-05-17 22:35:00 - ENTER routes.ai_routes.ai_recommendations
2026-05-17 22:35:00 - ENTER services.ai_cache_engine.get_ai_cache_section
2026-05-17 22:35:00 - ENTER services.ai_cache_engine.load_ai_cache
2026-05-17 22:35:00 - ENTER services.ai_cache_engine.load_ai_cache
2026-05-17 22:35:00 - EXIT services.ai_cache_engine.load_ai_cache duration=32.98ms
2026-05-17 22:35:00 - EXIT services.ai_cache_engine.load_ai_cache duration=32.98ms
2026-05-17 22:35:00 - EXIT services.ai_cache_engine.get_ai_cache_section duration=41.46ms
2026-05-17 22:35:00 - EXIT routes.ai_routes.ai_recommendations duration=58.05ms
2026-05-17 22:38:05 - ENTER routes.upload_routes.upload_dataset
2026-05-17 22:38:05 - EXIT routes.upload_routes.upload_dataset duration=68.54ms
2026-05-17 22:38:05 - ENTER routes.statistics_routes.profile_dataset
2026-05-17 22:38:05 - EXIT routes.statistics_routes.profile_dataset duration=61.09ms
2026-05-17 22:38:05 - ENTER routes.ai_routes.ai_recommendations
2026-05-17 22:38:05 - ENTER services.ai_cache_engine.get_ai_cache_section
2026-05-17 22:38:05 - ENTER services.ai_cache_engine.load_ai_cache
2026-05-17 22:38:05 - ENTER services.ai_cache_engine.load_ai_cache
2026-05-17 22:38:05 - EXIT services.ai_cache_engine.load_ai_cache duration=5.14ms
2026-05-17 22:38:05 - EXIT services.ai_cache_engine.load_ai_cache duration=8.75ms
2026-05-17 22:38:05 - EXIT services.ai_cache_engine.get_ai_cache_section duration=8.75ms
2026-05-17 22:38:05 - ENTER services.recommendation_engine.build_dataset_recommendations
2026-05-17 22:38:05 - ENTER services.recommendation_engine.analyze_column
2026-05-17 22:38:05 - ENTER services.recommendation_engine.is_numeric
2026-05-17 22:38:05 - EXIT services.recommendation_engine.is_numeric duration=0.00ms
2026-05-17 22:38:05 - EXIT services.recommendation_engine.analyze_column duration=21.70ms
2026-05-17 22:38:05 - ENTER services.recommendation_engine.generate_recommendation
2026-05-17 22:38:05 - EXIT services.recommendation_engine.generate_recommendation duration=0.00ms
2026-05-17 22:38:05 - ENTER services.recommendation_engine.analyze_column
2026-05-17 22:38:05 - ENTER services.recommendation_engine.is_numeric
2026-05-17 22:38:05 - EXIT services.recommendation_engine.is_numeric duration=0.00ms
2026-05-17 22:38:05 - EXIT services.recommendation_engine.analyze_column duration=4.34ms
2026-05-17 22:38:05 - ENTER services.recommendation_engine.generate_recommendation
2026-05-17 22:38:05 - EXIT services.recommendation_engine.generate_recommendation duration=0.00ms
2026-05-17 22:38:05 - ENTER services.recommendation_engine.analyze_column
2026-05-17 22:38:05 - ENTER services.recommendation_engine.is_numeric
2026-05-17 22:38:05 - EXIT services.recommendation_engine.is_numeric duration=0.00ms
2026-05-17 22:38:05 - ENTER services.recommendation_engine.calculate_outlier_percent
2026-05-17 22:38:05 - EXIT services.recommendation_engine.calculate_outlier_percent duration=1.02ms
2026-05-17 22:38:05 - ENTER services.recommendation_engine.detect_distribution
2026-05-17 22:38:05 - EXIT services.recommendation_engine.detect_distribution duration=0.00ms
2026-05-17 22:38:05 - EXIT services.recommendation_engine.analyze_column duration=13.26ms
2026-05-17 22:38:05 - ENTER services.recommendation_engine.generate_recommendation
2026-05-17 22:38:05 - EXIT services.recommendation_engine.generate_recommendation duration=0.00ms
2026-05-17 22:38:05 - ENTER services.recommendation_engine.analyze_column
2026-05-17 22:38:05 - ENTER services.recommendation_engine.is_numeric
2026-05-17 22:38:06 - EXIT services.recommendation_engine.is_numeric duration=0.00ms
2026-05-17 22:38:06 - ENTER services.recommendation_engine.calculate_outlier_percent
2026-05-17 22:38:06 - EXIT services.recommendation_engine.calculate_outlier_percent duration=0.62ms
2026-05-17 22:38:06 - ENTER services.recommendation_engine.detect_distribution
2026-05-17 22:38:06 - EXIT services.recommendation_engine.detect_distribution duration=0.00ms
2026-05-17 22:38:06 - EXIT services.recommendation_engine.analyze_column duration=16.46ms
2026-05-17 22:38:06 - ENTER services.recommendation_engine.generate_recommendation
2026-05-17 22:38:06 - EXIT services.recommendation_engine.generate_recommendation duration=0.00ms
2026-05-17 22:38:06 - ENTER services.recommendation_engine.analyze_column
2026-05-17 22:38:06 - ENTER services.recommendation_engine.is_numeric
2026-05-17 22:38:06 - EXIT services.recommendation_engine.is_numeric duration=0.00ms
2026-05-17 22:38:06 - ENTER services.recommendation_engine.calculate_outlier_percent
2026-05-17 22:38:06 - EXIT services.recommendation_engine.calculate_outlier_percent duration=0.00ms
2026-05-17 22:38:06 - ENTER services.recommendation_engine.detect_distribution
2026-05-17 22:38:06 - EXIT services.recommendation_engine.detect_distribution duration=0.00ms
2026-05-17 22:38:06 - EXIT services.recommendation_engine.analyze_column duration=15.39ms
2026-05-17 22:38:06 - ENTER services.recommendation_engine.generate_recommendation
2026-05-17 22:38:06 - EXIT services.recommendation_engine.generate_recommendation duration=0.00ms
2026-05-17 22:38:06 - ENTER services.recommendation_engine.analyze_column
2026-05-17 22:38:06 - ENTER services.recommendation_engine.is_numeric
2026-05-17 22:38:06 - EXIT services.recommendation_engine.is_numeric duration=0.00ms
2026-05-17 22:38:06 - EXIT services.recommendation_engine.analyze_column duration=2.98ms
2026-05-17 22:38:06 - ENTER services.recommendation_engine.generate_recommendation
2026-05-17 22:38:06 - EXIT services.recommendation_engine.generate_recommendation duration=0.00ms
2026-05-17 22:38:06 - ENTER services.recommendation_engine.analyze_column
2026-05-17 22:38:06 - ENTER services.recommendation_engine.is_numeric
2026-05-17 22:38:06 - EXIT services.recommendation_engine.is_numeric duration=0.00ms
2026-05-17 22:38:06 - EXIT services.recommendation_engine.analyze_column duration=3.81ms
2026-05-17 22:38:06 - ENTER services.recommendation_engine.generate_recommendation
2026-05-17 22:38:06 - EXIT services.recommendation_engine.generate_recommendation duration=0.00ms
2026-05-17 22:38:06 - ENTER services.recommendation_engine.analyze_column
2026-05-17 22:38:06 - ENTER services.recommendation_engine.is_numeric
2026-05-17 22:38:06 - EXIT services.recommendation_engine.is_numeric duration=0.00ms
2026-05-17 22:38:06 - EXIT services.recommendation_engine.analyze_column duration=2.20ms
2026-05-17 22:38:06 - ENTER services.recommendation_engine.generate_recommendation
2026-05-17 22:38:06 - EXIT services.recommendation_engine.generate_recommendation duration=0.00ms
2026-05-17 22:38:06 - ENTER services.recommendation_engine.analyze_column
2026-05-17 22:38:06 - ENTER services.recommendation_engine.is_numeric
2026-05-17 22:38:06 - EXIT services.recommendation_engine.is_numeric duration=0.00ms
2026-05-17 22:38:06 - EXIT services.recommendation_engine.analyze_column duration=2.36ms
2026-05-17 22:38:06 - ENTER services.recommendation_engine.generate_recommendation
2026-05-17 22:38:06 - EXIT services.recommendation_engine.generate_recommendation duration=0.00ms
2026-05-17 22:38:06 - ENTER services.recommendation_engine.analyze_column
2026-05-17 22:38:06 - ENTER services.recommendation_engine.is_numeric
2026-05-17 22:38:06 - EXIT services.recommendation_engine.is_numeric duration=0.00ms
2026-05-17 22:38:06 - EXIT services.recommendation_engine.analyze_column duration=8.25ms
2026-05-17 22:38:06 - ENTER services.recommendation_engine.generate_recommendation
2026-05-17 22:38:06 - EXIT services.recommendation_engine.generate_recommendation duration=0.00ms
2026-05-17 22:38:06 - ENTER services.recommendation_engine.analyze_column
2026-05-17 22:38:06 - ENTER services.recommendation_engine.is_numeric
2026-05-17 22:38:06 - EXIT services.recommendation_engine.is_numeric duration=0.00ms
2026-05-17 22:38:06 - ENTER services.recommendation_engine.calculate_outlier_percent
2026-05-17 22:38:06 - EXIT services.recommendation_engine.calculate_outlier_percent duration=4.20ms
2026-05-17 22:38:06 - ENTER services.recommendation_engine.detect_distribution
2026-05-17 22:38:06 - EXIT services.recommendation_engine.detect_distribution duration=0.00ms
2026-05-17 22:38:06 - EXIT services.recommendation_engine.analyze_column duration=13.25ms
2026-05-17 22:38:06 - ENTER services.recommendation_engine.generate_recommendation
2026-05-17 22:38:06 - EXIT services.recommendation_engine.generate_recommendation duration=0.00ms
2026-05-17 22:38:06 - ENTER services.recommendation_engine.analyze_column
2026-05-17 22:38:06 - ENTER services.recommendation_engine.is_numeric
2026-05-17 22:38:06 - EXIT services.recommendation_engine.is_numeric duration=0.00ms
2026-05-17 22:38:06 - ENTER services.recommendation_engine.calculate_outlier_percent
2026-05-17 22:38:06 - EXIT services.recommendation_engine.calculate_outlier_percent duration=0.73ms
2026-05-17 22:38:06 - ENTER services.recommendation_engine.detect_distribution
2026-05-17 22:38:06 - EXIT services.recommendation_engine.detect_distribution duration=0.00ms
2026-05-17 22:38:06 - EXIT services.recommendation_engine.analyze_column duration=18.38ms
2026-05-17 22:38:06 - ENTER services.recommendation_engine.generate_recommendation
2026-05-17 22:38:06 - EXIT services.recommendation_engine.generate_recommendation duration=0.00ms
2026-05-17 22:38:06 - ENTER services.recommendation_engine.analyze_column
2026-05-17 22:38:06 - ENTER services.recommendation_engine.is_numeric
2026-05-17 22:38:06 - EXIT services.recommendation_engine.is_numeric duration=0.00ms
2026-05-17 22:38:06 - ENTER services.recommendation_engine.calculate_outlier_percent
2026-05-17 22:38:06 - EXIT services.recommendation_engine.calculate_outlier_percent duration=5.50ms
2026-05-17 22:38:06 - ENTER services.recommendation_engine.detect_distribution
2026-05-17 22:38:06 - EXIT services.recommendation_engine.detect_distribution duration=0.00ms
2026-05-17 22:38:06 - EXIT services.recommendation_engine.analyze_column duration=10.74ms
2026-05-17 22:38:06 - ENTER services.recommendation_engine.generate_recommendation
2026-05-17 22:38:06 - EXIT services.recommendation_engine.generate_recommendation duration=0.00ms
2026-05-17 22:38:06 - EXIT services.recommendation_engine.build_dataset_recommendations duration=201.50ms
2026-05-17 22:38:06 - ENTER services.ai_cache_engine.update_ai_cache_section
2026-05-17 22:38:06 - ENTER services.ai_cache_engine.load_ai_cache
2026-05-17 22:38:06 - ENTER services.ai_cache_engine.load_ai_cache
2026-05-17 22:38:06 - EXIT services.ai_cache_engine.load_ai_cache duration=0.00ms
2026-05-17 22:38:06 - EXIT services.ai_cache_engine.load_ai_cache duration=3.17ms
2026-05-17 22:38:06 - ENTER services.ai_cache_engine.save_ai_cache
2026-05-17 22:38:06 - EXIT services.ai_cache_engine.save_ai_cache duration=8.02ms
2026-05-17 22:38:06 - EXIT services.ai_cache_engine.update_ai_cache_section duration=19.76ms
2026-05-17 22:38:06 - ENTER services.ai_cache_engine.update_ai_cache_section
2026-05-17 22:38:06 - ENTER services.ai_cache_engine.load_ai_cache
2026-05-17 22:38:06 - ENTER services.ai_cache_engine.load_ai_cache
2026-05-17 22:38:06 - EXIT services.ai_cache_engine.load_ai_cache duration=8.10ms
2026-05-17 22:38:06 - EXIT services.ai_cache_engine.load_ai_cache duration=16.29ms
2026-05-17 22:38:06 - ENTER services.ai_cache_engine.save_ai_cache
2026-05-17 22:38:06 - EXIT services.ai_cache_engine.save_ai_cache duration=9.73ms
2026-05-17 22:38:06 - EXIT services.ai_cache_engine.update_ai_cache_section duration=26.03ms
2026-05-17 22:38:06 - ENTER services.ai_cache_engine.update_ai_cache_section
2026-05-17 22:38:06 - ENTER services.ai_cache_engine.load_ai_cache
2026-05-17 22:38:06 - ENTER services.ai_cache_engine.load_ai_cache
2026-05-17 22:38:06 - EXIT services.ai_cache_engine.load_ai_cache duration=4.53ms
2026-05-17 22:38:06 - EXIT services.ai_cache_engine.load_ai_cache duration=11.52ms
2026-05-17 22:38:06 - ENTER services.ai_cache_engine.save_ai_cache
2026-05-17 22:38:06 - EXIT services.ai_cache_engine.save_ai_cache duration=9.32ms
2026-05-17 22:38:06 - EXIT services.ai_cache_engine.update_ai_cache_section duration=23.68ms
2026-05-17 22:38:06 - ENTER services.ai_cache_engine.update_ai_cache_section
2026-05-17 22:38:06 - ENTER services.ai_cache_engine.load_ai_cache
2026-05-17 22:38:06 - ENTER services.ai_cache_engine.load_ai_cache
2026-05-17 22:38:06 - EXIT services.ai_cache_engine.load_ai_cache duration=1.01ms
2026-05-17 22:38:06 - EXIT services.ai_cache_engine.load_ai_cache duration=1.93ms
2026-05-17 22:38:06 - ENTER services.ai_cache_engine.save_ai_cache
2026-05-17 22:38:06 - EXIT services.ai_cache_engine.save_ai_cache duration=2.46ms
2026-05-17 22:38:06 - EXIT services.ai_cache_engine.update_ai_cache_section duration=16.66ms
2026-05-17 22:38:06 - ENTER services.ai_cache_engine.update_ai_cache_section
2026-05-17 22:38:06 - ENTER services.ai_cache_engine.load_ai_cache
2026-05-17 22:38:06 - ENTER services.ai_cache_engine.load_ai_cache
2026-05-17 22:38:06 - EXIT services.ai_cache_engine.load_ai_cache duration=17.08ms
2026-05-17 22:38:06 - EXIT services.ai_cache_engine.load_ai_cache duration=17.08ms
2026-05-17 22:38:06 - ENTER services.ai_cache_engine.save_ai_cache
2026-05-17 22:38:06 - EXIT services.ai_cache_engine.save_ai_cache duration=12.26ms
2026-05-17 22:38:06 - EXIT services.ai_cache_engine.update_ai_cache_section duration=29.34ms
2026-05-17 22:38:06 - ENTER services.ai_cache_engine.append_ai_cache_entry
2026-05-17 22:38:06 - ENTER services.ai_cache_engine.load_ai_cache
2026-05-17 22:38:06 - ENTER services.ai_cache_engine.load_ai_cache
2026-05-17 22:38:06 - EXIT services.ai_cache_engine.load_ai_cache duration=2.87ms
2026-05-17 22:38:06 - EXIT services.ai_cache_engine.load_ai_cache duration=5.67ms
2026-05-17 22:38:06 - ENTER services.ai_cache_engine.save_ai_cache
2026-05-17 22:38:06 - EXIT services.ai_cache_engine.save_ai_cache duration=11.03ms
2026-05-17 22:38:06 - EXIT services.ai_cache_engine.append_ai_cache_entry duration=20.48ms
2026-05-17 22:38:06 - EXIT routes.ai_routes.ai_recommendations duration=389.83ms
2026-05-17 22:38:06 - ENTER routes.ai_routes.ai_recommendations
2026-05-17 22:38:06 - ENTER services.ai_cache_engine.get_ai_cache_section
2026-05-17 22:38:06 - ENTER services.ai_cache_engine.load_ai_cache
2026-05-17 22:38:06 - ENTER services.ai_cache_engine.load_ai_cache
2026-05-17 22:38:06 - EXIT services.ai_cache_engine.load_ai_cache duration=7.33ms
2026-05-17 22:38:06 - EXIT services.ai_cache_engine.load_ai_cache duration=7.33ms
2026-05-17 22:38:06 - EXIT services.ai_cache_engine.get_ai_cache_section duration=10.58ms
2026-05-17 22:38:06 - EXIT routes.ai_routes.ai_recommendations duration=11.16ms
2026-05-17 22:54:43 - ENTER routes.upload_routes.upload_dataset
2026-05-17 22:54:43 - EXIT routes.upload_routes.upload_dataset duration=57.94ms
2026-05-17 22:54:43 - ENTER routes.statistics_routes.profile_dataset
2026-05-17 22:54:43 - EXIT routes.statistics_routes.profile_dataset duration=41.79ms
2026-05-17 22:54:43 - ENTER routes.ai_routes.ai_recommendations
2026-05-17 22:54:43 - ENTER services.ai_cache_engine.get_ai_cache_section
2026-05-17 22:54:43 - ENTER services.ai_cache_engine.load_ai_cache
2026-05-17 22:54:43 - ENTER services.ai_cache_engine.load_ai_cache
2026-05-17 22:54:43 - EXIT services.ai_cache_engine.load_ai_cache duration=4.28ms
2026-05-17 22:54:43 - EXIT services.ai_cache_engine.load_ai_cache duration=9.85ms
2026-05-17 22:54:43 - EXIT services.ai_cache_engine.get_ai_cache_section duration=10.85ms
2026-05-17 22:54:43 - ENTER services.recommendation_engine.build_dataset_recommendations
2026-05-17 22:54:43 - ENTER services.recommendation_engine.analyze_column
2026-05-17 22:54:43 - ENTER services.recommendation_engine.is_numeric
2026-05-17 22:54:43 - EXIT services.recommendation_engine.is_numeric duration=0.00ms
2026-05-17 22:54:43 - EXIT services.recommendation_engine.analyze_column duration=3.31ms
2026-05-17 22:54:43 - ENTER services.recommendation_engine.generate_recommendation
2026-05-17 22:54:43 - EXIT services.recommendation_engine.generate_recommendation duration=0.00ms
2026-05-17 22:54:43 - ENTER services.recommendation_engine.analyze_column
2026-05-17 22:54:43 - ENTER services.recommendation_engine.is_numeric
2026-05-17 22:54:43 - EXIT services.recommendation_engine.is_numeric duration=0.00ms
2026-05-17 22:54:43 - EXIT services.recommendation_engine.analyze_column duration=3.64ms
2026-05-17 22:54:43 - ENTER services.recommendation_engine.generate_recommendation
2026-05-17 22:54:43 - EXIT services.recommendation_engine.generate_recommendation duration=0.00ms
2026-05-17 22:54:43 - ENTER services.recommendation_engine.analyze_column
2026-05-17 22:54:43 - ENTER services.recommendation_engine.is_numeric
2026-05-17 22:54:43 - EXIT services.recommendation_engine.is_numeric duration=0.00ms
2026-05-17 22:54:43 - ENTER services.recommendation_engine.calculate_outlier_percent
2026-05-17 22:54:43 - EXIT services.recommendation_engine.calculate_outlier_percent duration=1.00ms
2026-05-17 22:54:43 - ENTER services.recommendation_engine.detect_distribution
2026-05-17 22:54:43 - EXIT services.recommendation_engine.detect_distribution duration=0.00ms
2026-05-17 22:54:43 - EXIT services.recommendation_engine.analyze_column duration=9.77ms
2026-05-17 22:54:43 - ENTER services.recommendation_engine.generate_recommendation
2026-05-17 22:54:43 - EXIT services.recommendation_engine.generate_recommendation duration=0.00ms
2026-05-17 22:54:43 - ENTER services.recommendation_engine.analyze_column
2026-05-17 22:54:43 - ENTER services.recommendation_engine.is_numeric
2026-05-17 22:54:43 - EXIT services.recommendation_engine.is_numeric duration=0.00ms
2026-05-17 22:54:43 - ENTER services.recommendation_engine.calculate_outlier_percent
2026-05-17 22:54:43 - EXIT services.recommendation_engine.calculate_outlier_percent duration=1.39ms
2026-05-17 22:54:43 - ENTER services.recommendation_engine.detect_distribution
2026-05-17 22:54:43 - EXIT services.recommendation_engine.detect_distribution duration=0.00ms
2026-05-17 22:54:43 - EXIT services.recommendation_engine.analyze_column duration=15.42ms
2026-05-17 22:54:43 - ENTER services.recommendation_engine.generate_recommendation
2026-05-17 22:54:43 - EXIT services.recommendation_engine.generate_recommendation duration=0.00ms
2026-05-17 22:54:43 - ENTER services.recommendation_engine.analyze_column
2026-05-17 22:54:43 - ENTER services.recommendation_engine.is_numeric
2026-05-17 22:54:43 - EXIT services.recommendation_engine.is_numeric duration=0.00ms
2026-05-17 22:54:43 - ENTER services.recommendation_engine.calculate_outlier_percent
2026-05-17 22:54:43 - EXIT services.recommendation_engine.calculate_outlier_percent duration=1.78ms
2026-05-17 22:54:43 - ENTER services.recommendation_engine.detect_distribution
2026-05-17 22:54:43 - EXIT services.recommendation_engine.detect_distribution duration=0.00ms
2026-05-17 22:54:43 - EXIT services.recommendation_engine.analyze_column duration=8.71ms
2026-05-17 22:54:43 - ENTER services.recommendation_engine.generate_recommendation
2026-05-17 22:54:43 - EXIT services.recommendation_engine.generate_recommendation duration=0.00ms
2026-05-17 22:54:43 - ENTER services.recommendation_engine.analyze_column
2026-05-17 22:54:43 - ENTER services.recommendation_engine.is_numeric
2026-05-17 22:54:43 - EXIT services.recommendation_engine.is_numeric duration=0.00ms
2026-05-17 22:54:43 - EXIT services.recommendation_engine.analyze_column duration=3.00ms
2026-05-17 22:54:43 - ENTER services.recommendation_engine.generate_recommendation
2026-05-17 22:54:43 - EXIT services.recommendation_engine.generate_recommendation duration=0.00ms
2026-05-17 22:54:43 - ENTER services.recommendation_engine.analyze_column
2026-05-17 22:54:43 - ENTER services.recommendation_engine.is_numeric
2026-05-17 22:54:43 - EXIT services.recommendation_engine.is_numeric duration=0.00ms
2026-05-17 22:54:43 - EXIT services.recommendation_engine.analyze_column duration=5.17ms
2026-05-17 22:54:43 - ENTER services.recommendation_engine.generate_recommendation
2026-05-17 22:54:43 - EXIT services.recommendation_engine.generate_recommendation duration=0.00ms
2026-05-17 22:54:43 - ENTER services.recommendation_engine.analyze_column
2026-05-17 22:54:43 - ENTER services.recommendation_engine.is_numeric
2026-05-17 22:54:43 - EXIT services.recommendation_engine.is_numeric duration=0.00ms
2026-05-17 22:54:43 - EXIT services.recommendation_engine.analyze_column duration=4.20ms
2026-05-17 22:54:43 - ENTER services.recommendation_engine.generate_recommendation
2026-05-17 22:54:43 - EXIT services.recommendation_engine.generate_recommendation duration=0.00ms
2026-05-17 22:54:43 - ENTER services.recommendation_engine.analyze_column
2026-05-17 22:54:43 - ENTER services.recommendation_engine.is_numeric
2026-05-17 22:54:43 - EXIT services.recommendation_engine.is_numeric duration=0.00ms
2026-05-17 22:54:43 - EXIT services.recommendation_engine.analyze_column duration=2.25ms
2026-05-17 22:54:43 - ENTER services.recommendation_engine.generate_recommendation
2026-05-17 22:54:43 - EXIT services.recommendation_engine.generate_recommendation duration=0.00ms
2026-05-17 22:54:43 - ENTER services.recommendation_engine.analyze_column
2026-05-17 22:54:43 - ENTER services.recommendation_engine.is_numeric
2026-05-17 22:54:43 - EXIT services.recommendation_engine.is_numeric duration=0.00ms
2026-05-17 22:54:43 - EXIT services.recommendation_engine.analyze_column duration=2.79ms
2026-05-17 22:54:43 - ENTER services.recommendation_engine.generate_recommendation
2026-05-17 22:54:43 - EXIT services.recommendation_engine.generate_recommendation duration=0.00ms
2026-05-17 22:54:43 - ENTER services.recommendation_engine.analyze_column
2026-05-17 22:54:43 - ENTER services.recommendation_engine.is_numeric
2026-05-17 22:54:43 - EXIT services.recommendation_engine.is_numeric duration=0.00ms
2026-05-17 22:54:43 - ENTER services.recommendation_engine.calculate_outlier_percent
2026-05-17 22:54:43 - EXIT services.recommendation_engine.calculate_outlier_percent duration=3.03ms
2026-05-17 22:54:43 - ENTER services.recommendation_engine.detect_distribution
2026-05-17 22:54:43 - EXIT services.recommendation_engine.detect_distribution duration=0.00ms
2026-05-17 22:54:43 - EXIT services.recommendation_engine.analyze_column duration=13.79ms
2026-05-17 22:54:43 - ENTER services.recommendation_engine.generate_recommendation
2026-05-17 22:54:43 - EXIT services.recommendation_engine.generate_recommendation duration=0.00ms
2026-05-17 22:54:43 - ENTER services.recommendation_engine.analyze_column
2026-05-17 22:54:43 - ENTER services.recommendation_engine.is_numeric
2026-05-17 22:54:43 - EXIT services.recommendation_engine.is_numeric duration=0.00ms
2026-05-17 22:54:43 - ENTER services.recommendation_engine.calculate_outlier_percent
2026-05-17 22:54:43 - EXIT services.recommendation_engine.calculate_outlier_percent duration=3.61ms
2026-05-17 22:54:43 - ENTER services.recommendation_engine.detect_distribution
2026-05-17 22:54:43 - EXIT services.recommendation_engine.detect_distribution duration=0.00ms
2026-05-17 22:54:43 - EXIT services.recommendation_engine.analyze_column duration=13.33ms
2026-05-17 22:54:43 - ENTER services.recommendation_engine.generate_recommendation
2026-05-17 22:54:43 - EXIT services.recommendation_engine.generate_recommendation duration=0.00ms
2026-05-17 22:54:43 - ENTER services.recommendation_engine.analyze_column
2026-05-17 22:54:43 - ENTER services.recommendation_engine.is_numeric
2026-05-17 22:54:43 - EXIT services.recommendation_engine.is_numeric duration=0.00ms
2026-05-17 22:54:43 - ENTER services.recommendation_engine.calculate_outlier_percent
2026-05-17 22:54:43 - EXIT services.recommendation_engine.calculate_outlier_percent duration=0.00ms
2026-05-17 22:54:43 - ENTER services.recommendation_engine.detect_distribution
2026-05-17 22:54:43 - EXIT services.recommendation_engine.detect_distribution duration=0.00ms
2026-05-17 22:54:43 - EXIT services.recommendation_engine.analyze_column duration=13.33ms
2026-05-17 22:54:43 - ENTER services.recommendation_engine.generate_recommendation
2026-05-17 22:54:43 - EXIT services.recommendation_engine.generate_recommendation duration=0.00ms
2026-05-17 22:54:43 - EXIT services.recommendation_engine.build_dataset_recommendations duration=149.40ms
2026-05-17 22:54:43 - ENTER services.ai_cache_engine.update_ai_cache_section
2026-05-17 22:54:43 - ENTER services.ai_cache_engine.load_ai_cache
2026-05-17 22:54:43 - ENTER services.ai_cache_engine.load_ai_cache
2026-05-17 22:54:43 - EXIT services.ai_cache_engine.load_ai_cache duration=3.59ms
2026-05-17 22:54:43 - EXIT services.ai_cache_engine.load_ai_cache duration=4.59ms
2026-05-17 22:54:43 - ENTER services.ai_cache_engine.save_ai_cache
2026-05-17 22:54:43 - EXIT services.ai_cache_engine.save_ai_cache duration=3.00ms
2026-05-17 22:54:43 - EXIT services.ai_cache_engine.update_ai_cache_section duration=13.69ms
2026-05-17 22:54:43 - ENTER services.ai_cache_engine.update_ai_cache_section
2026-05-17 22:54:43 - ENTER services.ai_cache_engine.load_ai_cache
2026-05-17 22:54:43 - ENTER services.ai_cache_engine.load_ai_cache
2026-05-17 22:54:43 - EXIT services.ai_cache_engine.load_ai_cache duration=4.26ms
2026-05-17 22:54:43 - EXIT services.ai_cache_engine.load_ai_cache duration=5.80ms
2026-05-17 22:54:43 - ENTER services.ai_cache_engine.save_ai_cache
2026-05-17 22:54:43 - EXIT services.ai_cache_engine.save_ai_cache duration=8.83ms
2026-05-17 22:54:43 - EXIT services.ai_cache_engine.update_ai_cache_section duration=17.65ms
2026-05-17 22:54:43 - ENTER services.ai_cache_engine.update_ai_cache_section
2026-05-17 22:54:43 - ENTER services.ai_cache_engine.load_ai_cache
2026-05-17 22:54:43 - ENTER services.ai_cache_engine.load_ai_cache
2026-05-17 22:54:43 - EXIT services.ai_cache_engine.load_ai_cache duration=4.26ms
2026-05-17 22:54:43 - EXIT services.ai_cache_engine.load_ai_cache duration=4.26ms
2026-05-17 22:54:43 - ENTER services.ai_cache_engine.save_ai_cache
2026-05-17 22:54:43 - EXIT services.ai_cache_engine.save_ai_cache duration=5.56ms
2026-05-17 22:54:43 - EXIT services.ai_cache_engine.update_ai_cache_section duration=23.58ms
2026-05-17 22:54:43 - ENTER services.ai_cache_engine.update_ai_cache_section
2026-05-17 22:54:43 - ENTER services.ai_cache_engine.load_ai_cache
2026-05-17 22:54:43 - ENTER services.ai_cache_engine.load_ai_cache
2026-05-17 22:54:43 - EXIT services.ai_cache_engine.load_ai_cache duration=7.53ms
2026-05-17 22:54:43 - EXIT services.ai_cache_engine.load_ai_cache duration=7.53ms
2026-05-17 22:54:43 - ENTER services.ai_cache_engine.save_ai_cache
2026-05-17 22:54:43 - EXIT services.ai_cache_engine.save_ai_cache duration=12.88ms
2026-05-17 22:54:43 - EXIT services.ai_cache_engine.update_ai_cache_section duration=30.94ms
2026-05-17 22:54:43 - ENTER services.ai_cache_engine.update_ai_cache_section
2026-05-17 22:54:43 - ENTER services.ai_cache_engine.load_ai_cache
2026-05-17 22:54:43 - ENTER services.ai_cache_engine.load_ai_cache
2026-05-17 22:54:43 - EXIT services.ai_cache_engine.load_ai_cache duration=5.14ms
2026-05-17 22:54:43 - EXIT services.ai_cache_engine.load_ai_cache duration=10.23ms
2026-05-17 22:54:43 - ENTER services.ai_cache_engine.save_ai_cache
2026-05-17 22:54:43 - EXIT services.ai_cache_engine.save_ai_cache duration=0.00ms
2026-05-17 22:54:43 - EXIT services.ai_cache_engine.update_ai_cache_section duration=10.23ms
2026-05-17 22:54:43 - ENTER services.ai_cache_engine.append_ai_cache_entry
2026-05-17 22:54:43 - ENTER services.ai_cache_engine.load_ai_cache
2026-05-17 22:54:43 - ENTER services.ai_cache_engine.load_ai_cache
2026-05-17 22:54:43 - EXIT services.ai_cache_engine.load_ai_cache duration=1.85ms
2026-05-17 22:54:43 - EXIT services.ai_cache_engine.load_ai_cache duration=8.90ms
2026-05-17 22:54:43 - ENTER services.ai_cache_engine.save_ai_cache
2026-05-17 22:54:43 - EXIT services.ai_cache_engine.save_ai_cache duration=11.31ms
2026-05-17 22:54:43 - EXIT services.ai_cache_engine.append_ai_cache_entry duration=24.05ms
2026-05-17 22:54:43 - EXIT routes.ai_routes.ai_recommendations duration=334.81ms
2026-05-17 22:54:43 - ENTER routes.ai_routes.ai_recommendations
2026-05-17 22:54:43 - ENTER services.ai_cache_engine.get_ai_cache_section
2026-05-17 22:54:43 - ENTER services.ai_cache_engine.load_ai_cache
2026-05-17 22:54:43 - ENTER services.ai_cache_engine.load_ai_cache
2026-05-17 22:54:43 - EXIT services.ai_cache_engine.load_ai_cache duration=0.00ms
2026-05-17 22:54:43 - EXIT services.ai_cache_engine.load_ai_cache duration=1.02ms
2026-05-17 22:54:43 - EXIT services.ai_cache_engine.get_ai_cache_section duration=10.14ms
2026-05-17 22:54:43 - EXIT routes.ai_routes.ai_recommendations duration=11.16ms
